<?xml version="1.0" encoding="UTF-8"?>
<!-- Generated by org.testng.reporters.JUnitReportReporter -->
<testsuite hostname="NTL-US-DIWAKARS" failures="0" tests="1" name="testCases.BaseDriverTest" time="0.000" errors="0" timestamp="2020-08-20T19:47:30 EDT" skipped="1">
  <testcase classname="testCases.BaseDriverTest" name="BaseTest" time="0.000">
    <skipped/>
  </testcase> <!-- BaseTest -->
  <system-out/>
</testsuite> <!-- testCases.BaseDriverTest -->
