<?xml version="1.0" encoding="UTF-8"?>
<!-- Generated by org.testng.reporters.JUnitReportReporter -->
<testsuite hostname="NTL-US-DIWAKARS" failures="0" tests="2" name="testCases.UsrRegistration" time="50.049" errors="0" timestamp="2020-08-26T11:21:05 EDT" skipped="0">
  <testcase classname="testCases.UsrRegistration" name="RegisterUser" time="24.655"/>
  <system-out/>
  <testcase classname="testCases.UsrRegistration" name="RegisterUser" time="25.394"/>
  <system-out/>
</testsuite> <!-- testCases.UsrRegistration -->
