<?xml version="1.0" encoding="UTF-8"?>
<!-- Generated by org.testng.reporters.JUnitReportReporter -->
<testsuite hostname="NTL-US-DIWAKARS" failures="0" tests="1" name="testCases.HomePage" time="8.827" errors="0" timestamp="2020-08-15T19:54:27 EDT" skipped="0">
  <testcase classname="testCases.HomePage" name="openHomePage" time="8.827"/>
  <system-out/>
</testsuite> <!-- testCases.HomePage -->
