<?xml version="1.0" encoding="UTF-8"?>
<!-- Generated by org.testng.reporters.JUnitReportReporter -->
<testsuite hostname="NTL-US-DIWAKARS" failures="0" tests="2" name="testCases.RegisterUser" time="23.343" errors="0" timestamp="2020-08-19T16:16:05 EDT" skipped="0">
  <testcase classname="testCases.RegisterUser" name="ResisterUserForLogin" time="12.878"/>
  <system-out/>
  <testcase classname="testCases.RegisterUser" name="ResisterUserForLogin" time="10.465"/>
  <system-out/>
</testsuite> <!-- testCases.RegisterUser -->
